2022-04-24 17:10:38.231  INFO 20364 --- [main] m.r.RabbitMqDelayQueueApplication        : Starting RabbitMqDelayQueueApplication using Java 16.0.2 on mao with PID 20364 (H:\程序\大三下期\rabbitMQ延时队列\target\classes started by mao in H:\程序\大三下期\rabbitMQ延时队列)
2022-04-24 17:10:38.233 DEBUG 20364 --- [main] m.r.RabbitMqDelayQueueApplication        : Running with Spring Boot v2.6.7, Spring v5.3.19
2022-04-24 17:10:38.234  INFO 20364 --- [main] m.r.RabbitMqDelayQueueApplication        : The following 1 profile is active: "dev"
2022-04-24 17:10:38.901  INFO 20364 --- [main] o.s.b.w.embedded.tomcat.TomcatWebServer  : Tomcat initialized with port(s): 8080 (http)
2022-04-24 17:10:38.907  INFO 20364 --- [main] o.apache.catalina.core.StandardService   : Starting service [Tomcat]
2022-04-24 17:10:38.908  INFO 20364 --- [main] org.apache.catalina.core.StandardEngine  : Starting Servlet engine: [Apache Tomcat/9.0.62]
2022-04-24 17:10:38.980  INFO 20364 --- [main] o.a.c.c.C.[Tomcat].[localhost].[/]       : Initializing Spring embedded WebApplicationContext
2022-04-24 17:10:38.980  INFO 20364 --- [main] w.s.c.ServletWebServerApplicationContext : Root WebApplicationContext: initialization completed in 708 ms
2022-04-24 17:10:39.443  INFO 20364 --- [main] o.s.b.w.embedded.tomcat.TomcatWebServer  : Tomcat started on port(s): 8080 (http) with context path ''
2022-04-24 17:10:39.444  INFO 20364 --- [main] o.s.a.r.c.CachingConnectionFactory       : Attempting to connect to: [127.0.0.1:5672]
2022-04-24 17:10:39.462  INFO 20364 --- [main] o.s.a.r.c.CachingConnectionFactory       : Created new connection: rabbitConnectionFactory#7f5b9db:0/SimpleConnection@6a6c7f42 [delegate=amqp://admin@127.0.0.1:5672/, localPort= 49832]
2022-04-24 17:10:39.465  INFO 20364 --- [main] o.s.amqp.rabbit.core.RabbitAdmin         : Auto-declaring a non-durable or auto-delete Exchange (X) durable:false, auto-delete:false. It will be deleted by the broker if it shuts down, and can be redeclared by closing and reopening the connection.
2022-04-24 17:10:39.465  INFO 20364 --- [main] o.s.amqp.rabbit.core.RabbitAdmin         : Auto-declaring a non-durable or auto-delete Exchange (Y) durable:false, auto-delete:false. It will be deleted by the broker if it shuts down, and can be redeclared by closing and reopening the connection.
2022-04-24 17:10:39.465  INFO 20364 --- [main] o.s.amqp.rabbit.core.RabbitAdmin         : Auto-declaring a non-durable, auto-delete, or exclusive Queue (QA) durable:false, auto-delete:false, exclusive:false. It will be redeclared if the broker stops and is restarted while the connection factory is alive, but all messages will be lost.
2022-04-24 17:10:39.465  INFO 20364 --- [main] o.s.amqp.rabbit.core.RabbitAdmin         : Auto-declaring a non-durable, auto-delete, or exclusive Queue (QB) durable:false, auto-delete:false, exclusive:false. It will be redeclared if the broker stops and is restarted while the connection factory is alive, but all messages will be lost.
2022-04-24 17:10:39.465  INFO 20364 --- [main] o.s.amqp.rabbit.core.RabbitAdmin         : Auto-declaring a non-durable, auto-delete, or exclusive Queue (QD) durable:false, auto-delete:false, exclusive:false. It will be redeclared if the broker stops and is restarted while the connection factory is alive, but all messages will be lost.
2022-04-24 17:10:39.508  INFO 20364 --- [main] m.r.RabbitMqDelayQueueApplication        : Started RabbitMqDelayQueueApplication in 1.615 seconds (JVM running for 2.19)
2022-04-24 17:11:18.031  INFO 20364 --- [http-nio-8080-exec-1] o.a.c.c.C.[Tomcat].[localhost].[/]       : Initializing Spring DispatcherServlet 'dispatcherServlet'
2022-04-24 17:11:18.031  INFO 20364 --- [http-nio-8080-exec-1] o.s.web.servlet.DispatcherServlet        : Initializing Servlet 'dispatcherServlet'
2022-04-24 17:11:18.031  INFO 20364 --- [http-nio-8080-exec-1] o.s.web.servlet.DispatcherServlet        : Completed initialization in 0 ms
2022-04-24 17:11:18.052  INFO 20364 --- [http-nio-8080-exec-1] m.r.controller.MyController              : 开始发送消息(XA)：2
2022-04-24 17:11:24.162  INFO 20364 --- [http-nio-8080-exec-2] m.r.controller.MyController              : 开始发送消息(XB)：4
2022-04-24 17:11:28.078  INFO 20364 --- [org.springframework.amqp.rabbit.RabbitListenerEndpointContainer#0-1] m.r.consumer.Consumer1                   : 接收到消息：2
2022-04-24 17:11:54.171  INFO 20364 --- [org.springframework.amqp.rabbit.RabbitListenerEndpointContainer#0-1] m.r.consumer.Consumer1                   : 接收到消息：4
2022-04-24 17:12:08.659  INFO 20364 --- [http-nio-8080-exec-3] m.r.controller.MyController              : 开始发送消息(XB)：6
2022-04-24 17:12:13.110  INFO 20364 --- [http-nio-8080-exec-4] m.r.controller.MyController              : 开始发送消息(XA)：8
2022-04-24 17:12:23.123  INFO 20364 --- [org.springframework.amqp.rabbit.RabbitListenerEndpointContainer#0-1] m.r.consumer.Consumer1                   : 接收到消息：8
2022-04-24 17:12:38.676  INFO 20364 --- [org.springframework.amqp.rabbit.RabbitListenerEndpointContainer#0-1] m.r.consumer.Consumer1                   : 接收到消息：6
2022-04-24 17:13:37.881  INFO 20364 --- [org.springframework.amqp.rabbit.RabbitListenerEndpointContainer#0-2] o.s.a.r.l.SimpleMessageListenerContainer : Waiting for workers to finish.
2022-04-24 17:13:38.235  INFO 20364 --- [org.springframework.amqp.rabbit.RabbitListenerEndpointContainer#0-2] o.s.a.r.l.SimpleMessageListenerContainer : Successfully waited for workers to finish.
2022-04-24 17:13:38.251  INFO 20364 --- [SpringApplicationShutdownHook] o.s.a.r.l.SimpleMessageListenerContainer : Shutdown ignored - container is already stopped
